2023-08-01 17:37:12, INFO:  =========================== 
2023-08-01 17:37:12, INFO: Current git head hash code: 61630607c56b3a5a5d4ef5320aab15d10307ac3a
2023-08-01 17:37:13, INFO: Using device: cpu
2023-08-01 17:37:13, INFO: Load data from data/demonstration/data_imit.pt
2023-08-01 17:37:13, INFO: train_indices: 0 - 146377
2023-08-01 17:37:13, INFO: val_indices: 292756 - 418221
2023-08-01 17:38:31, INFO: Epoch #04: loss = (0.2619, 0.2651), task = (0.0544, 0.0563), nce = (0.1038, 0.1044)
2023-08-01 17:39:49, INFO: Epoch #09: loss = (0.2426, 0.2457), task = (0.0515, 0.0528), nce = (0.0955, 0.0965)
2023-08-01 17:41:05, INFO: Epoch #14: loss = (0.2342, 0.2434), task = (0.0502, 0.0519), nce = (0.0920, 0.0957)
2023-08-01 17:42:23, INFO: Epoch #19: loss = (0.2277, 0.2414), task = (0.0491, 0.0516), nce = (0.0893, 0.0949)
2023-08-01 17:43:38, INFO: Epoch #24: loss = (0.2240, 0.2384), task = (0.0482, 0.0507), nce = (0.0879, 0.0938)
2023-08-01 17:44:52, INFO: Epoch #29: loss = (0.2205, 0.2366), task = (0.0475, 0.0510), nce = (0.0865, 0.0928)
2023-08-01 17:46:09, INFO: Epoch #34: loss = (0.2182, 0.2369), task = (0.0469, 0.0500), nce = (0.0857, 0.0935)
2023-08-01 17:47:26, INFO: Epoch #39: loss = (0.2168, 0.2336), task = (0.0465, 0.0496), nce = (0.0851, 0.0920)
2023-08-01 17:48:43, INFO: Epoch #44: loss = (0.2147, 0.2354), task = (0.0462, 0.0494), nce = (0.0842, 0.0930)
2023-08-01 17:49:59, INFO: Epoch #49: loss = (0.2131, 0.2341), task = (0.0458, 0.0494), nce = (0.0837, 0.0924)
2023-08-01 17:51:14, INFO: Epoch #54: loss = (0.2121, 0.2359), task = (0.0454, 0.0487), nce = (0.0834, 0.0936)
2023-08-01 17:52:31, INFO: Epoch #59: loss = (0.2107, 0.2332), task = (0.0450, 0.0487), nce = (0.0828, 0.0923)
2023-08-01 17:53:49, INFO: Epoch #64: loss = (0.2098, 0.2304), task = (0.0449, 0.0484), nce = (0.0825, 0.0910)
2023-08-01 17:55:08, INFO: Epoch #69: loss = (0.2101, 0.2341), task = (0.0447, 0.0493), nce = (0.0827, 0.0924)
2023-08-01 17:56:22, INFO: Epoch #74: loss = (0.2082, 0.2303), task = (0.0445, 0.0493), nce = (0.0819, 0.0905)
2023-08-01 17:57:38, INFO: Epoch #79: loss = (0.2077, 0.2311), task = (0.0441, 0.0488), nce = (0.0818, 0.0912)
2023-08-01 17:58:53, INFO: Epoch #84: loss = (0.2072, 0.2337), task = (0.0441, 0.0493), nce = (0.0816, 0.0922)
2023-08-01 18:00:09, INFO: Epoch #89: loss = (0.2060, 0.2310), task = (0.0439, 0.0488), nce = (0.0810, 0.0911)
2023-08-01 18:01:26, INFO: Epoch #94: loss = (0.2049, 0.2328), task = (0.0436, 0.0492), nce = (0.0806, 0.0918)
2023-08-01 18:02:41, INFO: Epoch #99: loss = (0.2043, 0.2344), task = (0.0434, 0.0492), nce = (0.0804, 0.0926)
2023-08-01 18:03:55, INFO: Epoch #104: loss = (0.2033, 0.2355), task = (0.0432, 0.0500), nce = (0.0800, 0.0927)
2023-08-01 18:05:12, INFO: Epoch #109: loss = (0.2029, 0.2317), task = (0.0431, 0.0484), nce = (0.0799, 0.0917)
2023-08-01 18:06:31, INFO: Epoch #114: loss = (0.2028, 0.2344), task = (0.0430, 0.0492), nce = (0.0799, 0.0926)
2023-08-01 18:07:50, INFO: Epoch #119: loss = (0.2021, 0.2330), task = (0.0428, 0.0492), nce = (0.0797, 0.0919)
2023-08-01 18:09:07, INFO: Epoch #124: loss = (0.2017, 0.2330), task = (0.0426, 0.0493), nce = (0.0795, 0.0919)
2023-08-01 18:10:24, INFO: Epoch #129: loss = (0.1944, 0.2323), task = (0.0406, 0.0493), nce = (0.0769, 0.0915)
2023-08-01 18:11:41, INFO: Epoch #134: loss = (0.1937, 0.2313), task = (0.0404, 0.0485), nce = (0.0767, 0.0914)
2023-08-01 18:13:00, INFO: Epoch #139: loss = (0.1932, 0.2332), task = (0.0401, 0.0496), nce = (0.0765, 0.0918)
2023-08-01 18:14:19, INFO: Epoch #144: loss = (0.1926, 0.2327), task = (0.0400, 0.0493), nce = (0.0763, 0.0917)
2023-08-01 18:15:37, INFO: Epoch #149: loss = (0.1925, 0.2336), task = (0.0398, 0.0492), nce = (0.0763, 0.0922)
2023-08-01 18:16:55, INFO: Epoch #154: loss = (0.1922, 0.2332), task = (0.0396, 0.0494), nce = (0.0763, 0.0919)
2023-08-01 18:18:13, INFO: Epoch #159: loss = (0.1915, 0.2350), task = (0.0394, 0.0502), nce = (0.0761, 0.0924)
2023-08-01 18:19:31, INFO: Epoch #164: loss = (0.1914, 0.2332), task = (0.0393, 0.0495), nce = (0.0760, 0.0919)
2023-08-01 18:20:53, INFO: Epoch #169: loss = (0.1916, 0.2351), task = (0.0393, 0.0497), nce = (0.0761, 0.0927)
2023-08-01 18:22:11, INFO: Epoch #174: loss = (0.1912, 0.2347), task = (0.0391, 0.0498), nce = (0.0760, 0.0925)
2023-08-01 18:23:28, INFO: Epoch #179: loss = (0.1906, 0.2334), task = (0.0389, 0.0492), nce = (0.0759, 0.0921)
2023-08-01 18:24:46, INFO: Epoch #184: loss = (0.1904, 0.2341), task = (0.0389, 0.0501), nce = (0.0758, 0.0920)
2023-08-01 18:26:05, INFO: Epoch #189: loss = (0.1869, 0.2343), task = (0.0376, 0.0502), nce = (0.0746, 0.0920)
2023-08-01 18:27:23, INFO: Epoch #194: loss = (0.1865, 0.2347), task = (0.0374, 0.0503), nce = (0.0745, 0.0922)
2023-08-01 18:28:38, INFO: Epoch #199: loss = (0.1861, 0.2343), task = (0.0373, 0.0503), nce = (0.0744, 0.0920)
